%!Adobe-FontList 1.20
%Locale:0xc0a

%BeginFont
Handler:DirectoryHandler
FontType:TrueType
FontName:Arial-BoldItalicMT
FamilyName:Arial
StyleName:Bold Italic
FullName:Arial Bold Italic
MenuName:Arial
StyleBits:3
WritingScript:Roman
OutlineFileName:C:\Users\klips\OneDrive\Escritorio\Desarrolo de interfaces\Ejercicio_1_UT1\Carpeta UT1_Introduccion_al_entorno_grafico\Document fonts\arialbi.ttf
DataFormat:sfntData
hasSVG:no
VariableFontType:NonVariableFont
FileLength:721144
FileModTime:1552970649
WeightClass:700
WidthClass:5
AngleClass:1
NameArray:0,Mac,4,Arial Bold Italic
NameArray:0,Win,1,Arial
%EndFont

%BeginFont
Handler:DirectoryHandler
FontType:TrueType
FontName:Impact
FamilyName:Impact
StyleName:Regular
FullName:Impact
MenuName:Impact
StyleBits:0
WritingScript:Roman
OutlineFileName:C:\Users\klips\OneDrive\Escritorio\Desarrolo de interfaces\Ejercicio_1_UT1\Carpeta UT1_Introduccion_al_entorno_grafico\Document fonts\impact.ttf
DataFormat:sfntData
hasSVG:no
VariableFontType:NonVariableFont
FileLength:206784
FileModTime:1552970658
WeightClass:400
WidthClass:3
AngleClass:0
NameArray:0,Mac,4,Impact
NameArray:0,Win,1,Impact
%EndFont

%BeginFont
Handler:DirectoryHandler
FontType:Type1
FontName:MinionPro-Regular
FamilyName:Minion Pro
StyleName:Regular
FullName:Minion Pro
MenuName:Minion Pro
StyleBits:0
WritingScript:Roman
OutlineFileName:C:\Users\klips\OneDrive\Escritorio\Desarrolo de interfaces\Ejercicio_1_UT1\Carpeta UT1_Introduccion_al_entorno_grafico\Document fonts\MinionPro-Regular.otf
DataFormat:sfntData
UsesStandardEncoding:yes
isCFF:yes
hasSVG:no
VariableFontType:NonVariableFont
FileLength:218640
FileModTime:1565125924
WeightClass:400
WidthClass:5
AngleClass:0
DesignSize:110
NameArray:0,Mac,4,Minion Pro
NameArray:0,Win,1,Minion Pro
%EndFont

